2019-05-16 06:35:41 +0000  Initial pipeline context: <IDEDistributionProcessingPipelineContext: 0x7fe6f7c81580; archive(resolved)='<IDEArchive: 0x7fe6f5aa95c0>', distributionTask(resolved)='2', distributionDestination(resolved)='1', distributionMethod(resolved)='<IDEDistributionMethodAdHoc: 0x7fe6f51329f0>', team(resolved)='<IDEProvisioningDisambiguatableBasicTeam: 0x7fe6f5ae03c0; teamID='JNMW98VLVV', teamName='wuhan RanJin', teamType='Individual', username='jin7618@qq.com', isFreeProvisioningTeam='0'>'>
	Chain (12, self inclusive):
	<IDEDistributionProcessingPipelineContext: 0x7fe6f7c81580; archive = '<IDEArchive: 0x7fe6f5aa95c0>', distributionMethod='<IDEDistributionMethodAdHoc: 0x7fe6f51329f0>', team='<IDEProvisioningDisambiguatableBasicTeam: 0x7fe6f5ae03c0; teamID='JNMW98VLVV', teamName='wuhan RanJin', teamType='Individual', username='jin7618@qq.com', isFreeProvisioningTeam='0'>'>
	<IDEDistributionProcessingPipelineContext: 0x7fe6f1b879b0; archive = '<IDEArchive: 0x7fe6f5aa95c0>', distributionMethod='<IDEDistributionMethodAdHoc: 0x7fe6f51329f0>', team='<IDEProvisioningDisambiguatableBasicTeam: 0x7fe6f5ae03c0; teamID='JNMW98VLVV', teamName='wuhan RanJin', teamType='Individual', username='jin7618@qq.com', isFreeProvisioningTeam='0'>'>
	<IDEDistributionContext: 0x7fe6efb8db10; archive = '<IDEArchive: 0x7fe6f5aa95c0>', distributionMethod='<IDEDistributionMethodAdHoc: 0x7fe6f51329f0>', team='<IDEProvisioningDisambiguatableBasicTeam: 0x7fe6f5ae03c0; teamID='JNMW98VLVV', teamName='wuhan RanJin', teamType='Individual', username='jin7618@qq.com', isFreeProvisioningTeam='0'>'>
	<IDEDistributionContext: 0x7fe6ef3cb120; archive = '<IDEArchive: 0x7fe6f5aa95c0>', distributionMethod='<IDEDistributionMethodAdHoc: 0x7fe6f51329f0>', team='<IDEProvisioningDisambiguatableBasicTeam: 0x7fe6f5ae03c0; teamID='JNMW98VLVV', teamName='wuhan RanJin', teamType='Individual', username='jin7618@qq.com', isFreeProvisioningTeam='0'>'>
	<IDEDistributionContext: 0x7fe6f848cab0; archive = '<IDEArchive: 0x7fe6f5aa95c0>', distributionMethod='<IDEDistributionMethodAdHoc: 0x7fe6f51329f0>', team='<IDEProvisioningDisambiguatableBasicTeam: 0x7fe6f5ae03c0; teamID='JNMW98VLVV', teamName='wuhan RanJin', teamType='Individual', username='jin7618@qq.com', isFreeProvisioningTeam='0'>'>
	<IDEDistributionContext: 0x7fe6efd15d40; archive = '<IDEArchive: 0x7fe6f5aa95c0>', distributionMethod='<IDEDistributionMethodAdHoc: 0x7fe6f51329f0>', team='<IDEProvisioningDisambiguatableBasicTeam: 0x7fe6f5ae03c0; teamID='JNMW98VLVV', teamName='wuhan RanJin', teamType='Individual', username='jin7618@qq.com', isFreeProvisioningTeam='0'>'>
	<IDEDistributionContext: 0x7fe6f559fcc0; archive = '<IDEArchive: 0x7fe6f5aa95c0>', distributionMethod='<IDEDistributionMethodAdHoc: 0x7fe6f51329f0>', team='<IDEProvisioningDisambiguatableBasicTeam: 0x7fe6f5ae03c0; teamID='JNMW98VLVV', teamName='wuhan RanJin', teamType='Individual', username='jin7618@qq.com', isFreeProvisioningTeam='0'>'>
	<IDEDistributionContext: 0x7fe6f4c2ce50; archive = '<IDEArchive: 0x7fe6f5aa95c0>', distributionMethod='<IDEDistributionMethodAdHoc: 0x7fe6f51329f0>', team='<IDEProvisioningDisambiguatableBasicTeam: 0x7fe6f5ae03c0; teamID='JNMW98VLVV', teamName='wuhan RanJin', teamType='Individual', username='jin7618@qq.com', isFreeProvisioningTeam='0'>'>
	<IDEDistributionContext: 0x7fe6f5cf75a0; archive = '<IDEArchive: 0x7fe6f5aa95c0>', distributionMethod='<IDEDistributionMethodAdHoc: 0x7fe6f51329f0>', team='<IDEProvisioningDisambiguatableBasicTeam: 0x7fe6f5ae03c0; teamID='JNMW98VLVV', teamName='wuhan RanJin', teamType='Individual', username='jin7618@qq.com', isFreeProvisioningTeam='0'>'>
	<IDEDistributionContext: 0x7fe6f48568f0; archive = '<IDEArchive: 0x7fe6f5aa95c0>', distributionMethod='<IDEDistributionMethodAdHoc: 0x7fe6f51329f0>', team='(null)'>
	<IDEDistributionContext: 0x7fe6f1cd7810; archive = '<IDEArchive: 0x7fe6f5aa95c0>', distributionMethod='<IDEDistributionMethodAdHoc: 0x7fe6f51329f0>', team='(null)'>
	<IDEDistributionContext: 0x7fe6f577b750; archive = '<IDEArchive: 0x7fe6f5aa95c0>', distributionMethod='(null)', team='(null)'>
</IDEDistributionProcessingPipelineContext: 0x7fe6f7c81580>
2019-05-16 06:35:41 +0000  Processing step: IDEDistributionCreateDestRootStep
2019-05-16 06:35:41 +0000  Processing step: IDEDistributionCopyItemStep
2019-05-16 06:35:41 +0000  Running /usr/bin/ditto '-V' '/Users/yl-yin/Library/Developer/Xcode/Archives/2019-05-16/QuantDoHaveFun 2019-5-16, 2.33 PM.xcarchive/Products/Applications/QuantDoHaveFun.app' '/var/folders/9y/tjpb3r897995zf2xqnfjhhc80000gn/T/XcodeDistPipeline.~~~13H6Hi/Root/Payload/QuantDoHaveFun.app'
2019-05-16 06:35:41 +0000  >>> Copying /Users/yl-yin/Library/Developer/Xcode/Archives/2019-05-16/QuantDoHaveFun 2019-5-16, 2.33 PM.xcarchive/Products/Applications/QuantDoHaveFun.app 
2019-05-16 06:35:41 +0000  copying file ./_CodeSignature/CodeResources ... 
2019-05-16 06:35:41 +0000  62239 bytes for ./_CodeSignature/CodeResources
2019-05-16 06:35:41 +0000  copying file ./LaunchImage-1100-Portrait-2436h@3x.png ... 
889007 bytes for ./LaunchImage-1100-Portrait-2436h@3x.png
copying file ./version.json ... 
317 bytes for ./version.json
2019-05-16 06:35:41 +0000  copying file ./MJRefresh.bundle/zh-Hans.lproj/Localizable.strings ... 
1194 bytes for ./MJRefresh.bundle/zh-Hans.lproj/Localizable.strings
copying file ./MJRefresh.bundle/en.lproj/Localizable.strings ... 
691 bytes for ./MJRefresh.bundle/en.lproj/Localizable.strings
copying file ./MJRefresh.bundle/arrow@2x.png ... 
1033 bytes for ./MJRefresh.bundle/arrow@2x.png
copying file ./MJRefresh.bundle/zh-Hant.lproj/Localizable.strings ... 
773 bytes for ./MJRefresh.bundle/zh-Hant.lproj/Localizable.strings
copying file ./AppIcon60x60@2x.png ... 
6736 bytes for ./AppIcon60x60@2x.png
copying file ./IQKeyboardManager.bundle/IQButtonBarArrowRight@2x.png ... 
1786 bytes for ./IQKeyboardManager.bundle/IQButtonBarArrowRight@2x.png
copying file ./IQKeyboardManager.bundle/IQButtonBarArrowUp@3x.png ... 
2164 bytes for ./IQKeyboardManager.bundle/IQButtonBarArrowUp@3x.png
copying file ./IQKeyboardManager.bundle/IQButtonBarArrowUp@2x.png ... 
1769 bytes for ./IQKeyboardManager.bundle/IQButtonBarArrowUp@2x.png
copying file ./IQKeyboardManager.bundle/IQButtonBarArrowRight@3x.png ... 
1844 bytes for ./IQKeyboardManager.bundle/IQButtonBarArrowRight@3x.png
copying file ./IQKeyboardManager.bundle/IQButtonBarArrowLeft@3x.png ... 
1815 bytes for ./IQKeyboardManager.bundle/IQButtonBarArrowLeft@3x.png
copying file ./IQKeyboardManager.bundle/IQButtonBarArrowDown@3x.png ... 
2019-05-16 06:35:41 +0000  2177 bytes for ./IQKeyboardManager.bundle/IQButtonBarArrowDown@3x.png
copying file ./IQKeyboardManager.bundle/IQButtonBarArrowDown@2x.png ... 
1764 bytes for ./IQKeyboardManager.bundle/IQButtonBarArrowDown@2x.png
copying file ./IQKeyboardManager.bundle/IQButtonBarArrowLeft@2x.png ... 
1793 bytes for ./IQKeyboardManager.bundle/IQButtonBarArrowLeft@2x.png
copying file ./SYCity.bundle/citydata.plist ... 
124778 bytes for ./SYCity.bundle/citydata.plist
copying file ./SYCity.bundle/city.plist ... 
25782 bytes for ./SYCity.bundle/city.plist
copying file ./AppIcon29x29@2x.png ... 
2455 bytes for ./AppIcon29x29@2x.png
copying file ./LaunchImage-800-667h@2x.png ... 
410023 bytes for ./LaunchImage-800-667h@2x.png
copying file ./AppIcon40x40@3x.png ... 
2019-05-16 06:35:41 +0000  6736 bytes for ./AppIcon40x40@3x.png
copying file ./AppIcon40x40@2x.png ... 
3940 bytes for ./AppIcon40x40@2x.png
copying file ./AppIcon29x29@3x.png ... 
4375 bytes for ./AppIcon29x29@3x.png
copying file ./AppIcon60x60@3x.png ... 
12249 bytes for ./AppIcon60x60@3x.png
copying file ./Base.lproj/Main.storyboardc/UIViewController-BYZ-38-t0r.nib ... 
916 bytes for ./Base.lproj/Main.storyboardc/UIViewController-BYZ-38-t0r.nib
copying file ./Base.lproj/Main.storyboardc/BYZ-38-t0r-view-8bC-Xf-vdC.nib ... 
1985 bytes for ./Base.lproj/Main.storyboardc/BYZ-38-t0r-view-8bC-Xf-vdC.nib
copying file ./Base.lproj/Main.storyboardc/Info.plist ... 
258 bytes for ./Base.lproj/Main.storyboardc/Info.plist
2019-05-16 06:35:41 +0000  copying file ./Base.lproj/LaunchScreen.storyboardc/01J-lp-oVM-view-Ze5-6b-2t3.nib ... 
1987 bytes for ./Base.lproj/LaunchScreen.storyboardc/01J-lp-oVM-view-Ze5-6b-2t3.nib
copying file ./Base.lproj/LaunchScreen.storyboardc/UIViewController-01J-lp-oVM.nib ... 
832 bytes for ./Base.lproj/LaunchScreen.storyboardc/UIViewController-01J-lp-oVM.nib
copying file ./Base.lproj/LaunchScreen.storyboardc/Info.plist ... 
2019-05-16 06:35:41 +0000  258 bytes for ./Base.lproj/LaunchScreen.storyboardc/Info.plist
copying file ./ExampleApp.html ... 
2359 bytes for ./ExampleApp.html
2019-05-16 06:35:41 +0000  copying file ./AMap.bundle/images/purplePin@3x.png ... 
2019-05-16 06:35:41 +0000  2844 bytes for ./AMap.bundle/images/purplePin@3x.png
copying file ./AMap.bundle/images/greenPin@3x.png ... 
2019-05-16 06:35:41 +0000  2844 bytes for ./AMap.bundle/images/greenPin@3x.png
copying file ./AMap.bundle/images/lineTexture.png ... 
2019-05-16 06:35:41 +0000  2830 bytes for ./AMap.bundle/images/lineTexture.png
copying file ./AMap.bundle/images/greenPin_lift@3x.png ... 
2019-05-16 06:35:41 +0000  1401 bytes for ./AMap.bundle/images/greenPin_lift@3x.png
copying file ./AMap.bundle/images/greenPin_lift@2x.png ... 
2019-05-16 06:35:41 +0000  960 bytes for ./AMap.bundle/images/greenPin_lift@2x.png
copying file ./AMap.bundle/images/calloutArrowMask.png ... 
323 bytes for ./AMap.bundle/images/calloutArrowMask.png
copying file ./AMap.bundle/images/traffic_texture_red.png ... 
2019-05-16 06:35:41 +0000  1097 bytes for ./AMap.bundle/images/traffic_texture_red.png
copying file ./AMap.bundle/images/calloutArrowMask@2x.png ... 
572 bytes for ./AMap.bundle/images/calloutArrowMask@2x.png
copying file ./AMap.bundle/images/greenPin@2x.png ... 
2019-05-16 06:35:41 +0000  1893 bytes for ./AMap.bundle/images/greenPin@2x.png
copying file ./AMap.bundle/images/purplePin@2x.png ... 
2019-05-16 06:35:41 +0000  1873 bytes for ./AMap.bundle/images/purplePin@2x.png
copying file ./AMap.bundle/images/select_.png ... 
1082 bytes for ./AMap.bundle/images/select_.png
copying file ./AMap.bundle/images/pin_shadow.png ... 
2019-05-16 06:35:41 +0000  609 bytes for ./AMap.bundle/images/pin_shadow.png
copying file ./AMap.bundle/images/arrow_line_inner.png ... 
2019-05-16 06:35:41 +0000  316 bytes for ./AMap.bundle/images/arrow_line_inner.png
copying file ./AMap.bundle/images/greenPin.png ... 
2019-05-16 06:35:41 +0000  988 bytes for ./AMap.bundle/images/greenPin.png
copying file ./AMap.bundle/images/purplePin_lift.png ... 
2019-05-16 06:35:41 +0000  418 bytes for ./AMap.bundle/images/purplePin_lift.png
copying file ./AMap.bundle/images/lineDashTextureThin.png ... 
2019-05-16 06:35:41 +0000  224 bytes for ./AMap.bundle/images/lineDashTextureThin.png
copying file ./AMap.bundle/images/redPin_lift@3x.png ... 
1405 bytes for ./AMap.bundle/images/redPin_lift@3x.png
copying file ./AMap.bundle/images/redPin_lift.png ... 
2019-05-16 06:35:41 +0000  418 bytes for ./AMap.bundle/images/redPin_lift.png
2019-05-16 06:35:41 +0000  copying file ./AMap.bundle/images/lineDashTexture.png ... 
194 bytes for ./AMap.bundle/images/lineDashTexture.png
copying file ./AMap.bundle/images/traffic_texture_blue.png ... 
2019-05-16 06:35:41 +0000  1121 bytes for ./AMap.bundle/images/traffic_texture_blue.png
copying file ./AMap.bundle/images/traffic_texture_green.png ... 
2019-05-16 06:35:41 +0000  1065 bytes for ./AMap.bundle/images/traffic_texture_green.png
copying file ./AMap.bundle/images/traffic_texture_yellow.png ... 
1076 bytes for ./AMap.bundle/images/traffic_texture_yellow.png
2019-05-16 06:35:41 +0000  copying file ./AMap.bundle/images/marker_blue@2x.png ... 
2547 bytes for ./AMap.bundle/images/marker_blue@2x.png
copying file ./AMap.bundle/images/purplePin.png ... 
988 bytes for ./AMap.bundle/images/purplePin.png
copying file ./AMap.bundle/images/redPin_lift@2x.png ... 
955 bytes for ./AMap.bundle/images/redPin_lift@2x.png
copying file ./AMap.bundle/images/traffic_texture_darkred.png ... 
947 bytes for ./AMap.bundle/images/traffic_texture_darkred.png
copying file ./AMap.bundle/images/select_@3x.png ... 
2019-05-16 06:35:41 +0000  2162 bytes for ./AMap.bundle/images/select_@3x.png
copying file ./AMap.bundle/images/pin_shadow@2x.png ... 
1155 bytes for ./AMap.bundle/images/pin_shadow@2x.png
copying file ./AMap.bundle/images/redPin@3x.png ... 
2019-05-16 06:35:41 +0000  2848 bytes for ./AMap.bundle/images/redPin@3x.png
copying file ./AMap.bundle/images/purplePin_lift@2x.png ... 
960 bytes for ./AMap.bundle/images/purplePin_lift@2x.png
copying file ./AMap.bundle/images/purplePin_lift@3x.png ... 
1406 bytes for ./AMap.bundle/images/purplePin_lift@3x.png
copying file ./AMap.bundle/images/lineTextureThin.png ... 
243 bytes for ./AMap.bundle/images/lineTextureThin.png
copying file ./AMap.bundle/images/redPin@2x.png ... 
1878 bytes for ./AMap.bundle/images/redPin@2x.png
copying file ./AMap.bundle/images/pin_shadow@3x.png ... 
1817 bytes for ./AMap.bundle/images/pin_shadow@3x.png
copying file ./AMap.bundle/images/traffic_texture_gray.png ... 
2019-05-16 06:35:41 +0000  1049 bytes for ./AMap.bundle/images/traffic_texture_gray.png
copying file ./AMap.bundle/images/redPin.png ... 
2019-05-16 06:35:41 +0000  986 bytes for ./AMap.bundle/images/redPin.png
copying file ./AMap.bundle/images/select_@2x.png ... 
1082 bytes for ./AMap.bundle/images/select_@2x.png
copying file ./AMap.bundle/images/marker_blue.png ... 
2019-05-16 06:35:41 +0000  1972 bytes for ./AMap.bundle/images/marker_blue.png
copying file ./AMap.bundle/images/greenPin_lift.png ... 
425 bytes for ./AMap.bundle/images/greenPin_lift.png
2019-05-16 06:35:41 +0000  copying file ./AMap.bundle/Bundle3D.plist ... 
2046 bytes for ./AMap.bundle/Bundle3D.plist
copying file ./AMap.bundle/offline/offlinePackage.plist ... 
2019-05-16 06:35:41 +0000  102476 bytes for ./AMap.bundle/offline/offlinePackage.plist
copying file ./AMap.bundle/AMap3D.bundle/tmc_blind_smoothly.data ... 
21896 bytes for ./AMap.bundle/AMap3D.bundle/tmc_blind_smoothly.data
copying file ./AMap.bundle/AMap3D.bundle/style_15_10_1497583771.data ... 
2019-05-16 06:35:41 +0000  16335 bytes for ./AMap.bundle/AMap3D.bundle/style_15_10_1497583771.data
copying file ./AMap.bundle/AMap3D.bundle/style_14_10_1497252572.data ... 
12646 bytes for ./AMap.bundle/AMap3D.bundle/style_14_10_1497252572.data
copying file ./AMap.bundle/AMap3D.bundle/icons_6_12_1497253591.data ... 
59442 bytes for ./AMap.bundle/AMap3D.bundle/icons_6_12_1497253591.data
copying file ./AMap.bundle/AMap3D.bundle/dash.data ... 
21896 bytes for ./AMap.bundle/AMap3D.bundle/dash.data
copying file ./AMap.bundle/AMap3D.bundle/icons_5_12_1488354051.data ... 
2019-05-16 06:35:41 +0000  8863 bytes for ./AMap.bundle/AMap3D.bundle/icons_5_12_1488354051.data
copying file ./AMap.bundle/AMap3D.bundle/tmc_blind_severe_congestion.data ... 
21896 bytes for ./AMap.bundle/AMap3D.bundle/tmc_blind_severe_congestion.data
copying file ./AMap.bundle/AMap3D.bundle/tnl_l.data ... 
21896 bytes for ./AMap.bundle/AMap3D.bundle/tnl_l.data
copying file ./AMap.bundle/AMap3D.bundle/VM3DRes/roadbk_main.png ... 
2019-05-16 06:35:41 +0000  86 bytes for ./AMap.bundle/AMap3D.bundle/VM3DRes/roadbk_main.png
copying file ./AMap.bundle/AMap3D.bundle/VM3DRes/d_yellow.png ... 
2019-05-16 06:35:41 +0000  2901 bytes for ./AMap.bundle/AMap3D.bundle/VM3DRes/d_yellow.png
copying file ./AMap.bundle/AMap3D.bundle/VM3DRes/grass_night.png ... 
86 bytes for ./AMap.bundle/AMap3D.bundle/VM3DRes/grass_night.png
copying file ./AMap.bundle/AMap3D.bundle/VM3DRes/d_yellow_night.png ... 
2019-05-16 06:35:41 +0000  2901 bytes for ./AMap.bundle/AMap3D.bundle/VM3DRes/d_yellow_night.png
copying file ./AMap.bundle/AMap3D.bundle/VM3DRes/cross_bg.png ... 
1101 bytes for ./AMap.bundle/AMap3D.bundle/VM3DRes/cross_bg.png
copying file ./AMap.bundle/AMap3D.bundle/VM3DRes/cross_bg_day.png ... 
2019-05-16 06:35:41 +0000  86 bytes for ./AMap.bundle/AMap3D.bundle/VM3DRes/cross_bg_day.png
copying file ./AMap.bundle/AMap3D.bundle/VM3DRes/road_bottom_day.png ... 
86 bytes for ./AMap.bundle/AMap3D.bundle/VM3DRes/road_bottom_day.png
copying file ./AMap.bundle/AMap3D.bundle/VM3DRes/d_yellow_day.png ... 
2019-05-16 06:35:41 +0000  2901 bytes for ./AMap.bundle/AMap3D.bundle/VM3DRes/d_yellow_day.png
copying file ./AMap.bundle/AMap3D.bundle/VM3DRes/road_bottom.png ... 
86 bytes for ./AMap.bundle/AMap3D.bundle/VM3DRes/road_bottom.png
copying file ./AMap.bundle/AMap3D.bundle/VM3DRes/grass_day.png ... 
2019-05-16 06:35:41 +0000  86 bytes for ./AMap.bundle/AMap3D.bundle/VM3DRes/grass_day.png
copying file ./AMap.bundle/AMap3D.bundle/VM3DRes/roadbk_main_day.png ... 
86 bytes for ./AMap.bundle/AMap3D.bundle/VM3DRes/roadbk_main_day.png
copying file ./AMap.bundle/AMap3D.bundle/VM3DRes/cross_bg_night.png ... 
14612 bytes for ./AMap.bundle/AMap3D.bundle/VM3DRes/cross_bg_night.png
copying file ./AMap.bundle/AMap3D.bundle/VM3DRes/road_bottom_night.png ... 
2019-05-16 06:35:41 +0000  86 bytes for ./AMap.bundle/AMap3D.bundle/VM3DRes/road_bottom_night.png
copying file ./AMap.bundle/AMap3D.bundle/VM3DRes/roadbk_main_night.png ... 
86 bytes for ./AMap.bundle/AMap3D.bundle/VM3DRes/roadbk_main_night.png
2019-05-16 06:35:41 +0000  copying file ./AMap.bundle/AMap3D.bundle/icons_7_12_1497253551.data ... 
78867 bytes for ./AMap.bundle/AMap3D.bundle/icons_7_12_1497253551.data
copying file ./AMap.bundle/AMap3D.bundle/bktile_n.data ... 
2019-05-16 06:35:41 +0000  145 bytes for ./AMap.bundle/AMap3D.bundle/bktile_n.data
copying file ./AMap.bundle/AMap3D.bundle/tgl_l.data ... 
21896 bytes for ./AMap.bundle/AMap3D.bundle/tgl_l.data
copying file ./AMap.bundle/AMap3D.bundle/style_3_10_1497252336.data ... 
13059 bytes for ./AMap.bundle/AMap3D.bundle/style_3_10_1497252336.data
copying file ./AMap.bundle/AMap3D.bundle/trl_l.data ... 
2019-05-16 06:35:41 +0000  21896 bytes for ./AMap.bundle/AMap3D.bundle/trl_l.data
copying file ./AMap.bundle/AMap3D.bundle/bktile.data ... 
151 bytes for ./AMap.bundle/AMap3D.bundle/bktile.data
copying file ./AMap.bundle/AMap3D.bundle/icons_27_10_1475031813.data ... 
2019-05-16 06:35:41 +0000  130110 bytes for ./AMap.bundle/AMap3D.bundle/icons_27_10_1475031813.data
copying file ./AMap.bundle/AMap3D.bundle/3dportrait.xml ... 
3890 bytes for ./AMap.bundle/AMap3D.bundle/3dportrait.xml
copying file ./AMap.bundle/AMap3D.bundle/tbl_n.data ... 
21896 bytes for ./AMap.bundle/AMap3D.bundle/tbl_n.data
copying file ./AMap.bundle/AMap3D.bundle/3dlandscape.xml ... 
2019-05-16 06:35:41 +0000  3890 bytes for ./AMap.bundle/AMap3D.bundle/3dlandscape.xml
copying file ./AMap.bundle/AMap3D.bundle/style_5_10_1498463124.data ... 
7369 bytes for ./AMap.bundle/AMap3D.bundle/style_5_10_1498463124.data
copying file ./AMap.bundle/AMap3D.bundle/icons_50_10_1470645645.data ... 
84376 bytes for ./AMap.bundle/AMap3D.bundle/icons_50_10_1470645645.data
copying file ./AMap.bundle/AMap3D.bundle/dash_cd.data ... 
21896 bytes for ./AMap.bundle/AMap3D.bundle/dash_cd.data
copying file ./AMap.bundle/AMap3D.bundle/style_17_10_1488360312.data ... 
43 bytes for ./AMap.bundle/AMap3D.bundle/style_17_10_1488360312.data
copying file ./AMap.bundle/AMap3D.bundle/style_32_10_1498047781.data ... 
17198 bytes for ./AMap.bundle/AMap3D.bundle/style_32_10_1498047781.data
copying file ./AMap.bundle/AMap3D.bundle/tnl.data ... 
2019-05-16 06:35:41 +0000  21896 bytes for ./AMap.bundle/AMap3D.bundle/tnl.data
copying file ./AMap.bundle/AMap3D.bundle/search_scenic_icon.data ... 
42623 bytes for ./AMap.bundle/AMap3D.bundle/search_scenic_icon.data
copying file ./AMap.bundle/AMap3D.bundle/3d_sky_day.data ... 
44612 bytes for ./AMap.bundle/AMap3D.bundle/3d_sky_day.data
copying file ./AMap.bundle/AMap3D.bundle/trl.data ... 
21896 bytes for ./AMap.bundle/AMap3D.bundle/trl.data
copying file ./AMap.bundle/AMap3D.bundle/style_13_10_1497252546.data ... 
2019-05-16 06:35:41 +0000  9614 bytes for ./AMap.bundle/AMap3D.bundle/style_13_10_1497252546.data
copying file ./AMap.bundle/AMap3D.bundle/config_2_1_1470363686.data ... 
640 bytes for ./AMap.bundle/AMap3D.bundle/config_2_1_1470363686.data
copying file ./AMap.bundle/AMap3D.bundle/roadarrow.data ... 
43824 bytes for ./AMap.bundle/AMap3D.bundle/roadarrow.data
copying file ./AMap.bundle/AMap3D.bundle/icons_3_12_1498048330.data ... 
2019-05-16 06:35:41 +0000  132653 bytes for ./AMap.bundle/AMap3D.bundle/icons_3_12_1498048330.data
copying file ./AMap.bundle/AMap3D.bundle/style_8_10_1497252659.data ... 
9424 bytes for ./AMap.bundle/AMap3D.bundle/style_8_10_1497252659.data
copying file ./AMap.bundle/AMap3D.bundle/tmc_blind_amble.data ... 
21896 bytes for ./AMap.bundle/AMap3D.bundle/tmc_blind_amble.data
copying file ./AMap.bundle/AMap3D.bundle/waterline.data ... 
2849 bytes for ./AMap.bundle/AMap3D.bundle/waterline.data
copying file ./AMap.bundle/AMap3D.bundle/building.data ... 
996 bytes for ./AMap.bundle/AMap3D.bundle/building.data
copying file ./AMap.bundle/AMap3D.bundle/style_1_10_1498047646.data ... 
16763 bytes for ./AMap.bundle/AMap3D.bundle/style_1_10_1498047646.data
copying file ./AMap.bundle/AMap3D.bundle/icons_2_12_1498048312.data ... 
2019-05-16 06:35:41 +0000  134076 bytes for ./AMap.bundle/AMap3D.bundle/icons_2_12_1498048312.data
copying file ./AMap.bundle/AMap3D.bundle/tyl_l.data ... 
21896 bytes for ./AMap.bundle/AMap3D.bundle/tyl_l.data
copying file ./AMap.bundle/AMap3D.bundle/style_31_10_1498047749.data ... 
17251 bytes for ./AMap.bundle/AMap3D.bundle/style_31_10_1498047749.data
copying file ./AMap.bundle/AMap3D.bundle/style_33_10_1498047815.data ... 
17395 bytes for ./AMap.bundle/AMap3D.bundle/style_33_10_1498047815.data
copying file ./AMap.bundle/AMap3D.bundle/3d_sky_night.data ... 
2019-05-16 06:35:41 +0000  51008 bytes for ./AMap.bundle/AMap3D.bundle/3d_sky_night.data
copying file ./AMap.bundle/AMap3D.bundle/tmc_blind_null.data ... 
21896 bytes for ./AMap.bundle/AMap3D.bundle/tmc_blind_null.data
copying file ./AMap.bundle/AMap3D.bundle/config_1_1_1470722888.data ... 
10442 bytes for ./AMap.bundle/AMap3D.bundle/config_1_1_1470722888.data
copying file ./AMap.bundle/AMap3D.bundle/style_10_10_1472718686.data ... 
6717 bytes for ./AMap.bundle/AMap3D.bundle/style_10_10_1472718686.data
copying file ./AMap.bundle/AMap3D.bundle/lineround.data ... 
10974 bytes for ./AMap.bundle/AMap3D.bundle/lineround.data
copying file ./AMap.bundle/AMap3D.bundle/style_30_10_1498047712.data ... 
2019-05-16 06:35:41 +0000  17299 bytes for ./AMap.bundle/AMap3D.bundle/style_30_10_1498047712.data
copying file ./AMap.bundle/AMap3D.bundle/tyl_n.data ... 
21896 bytes for ./AMap.bundle/AMap3D.bundle/tyl_n.data
copying file ./AMap.bundle/AMap3D.bundle/style_4_10_1498463093.data ... 
7504 bytes for ./AMap.bundle/AMap3D.bundle/style_4_10_1498463093.data
copying file ./AMap.bundle/AMap3D.bundle/style_50_10_1470645645.data ... 
1347 bytes for ./AMap.bundle/AMap3D.bundle/style_50_10_1470645645.data
copying file ./AMap.bundle/AMap3D.bundle/tgl.data ... 
2019-05-16 06:35:41 +0000  21896 bytes for ./AMap.bundle/AMap3D.bundle/tgl.data
copying file ./AMap.bundle/AMap3D.bundle/icons_9_10_1476066932.data ... 
129883 bytes for ./AMap.bundle/AMap3D.bundle/icons_9_10_1476066932.data
copying file ./AMap.bundle/AMap3D.bundle/icons_11_12_1488521704.data ... 
7611 bytes for ./AMap.bundle/AMap3D.bundle/icons_11_12_1488521704.data
copying file ./AMap.bundle/AMap3D.bundle/tyl.data ... 
21896 bytes for ./AMap.bundle/AMap3D.bundle/tyl.data
copying file ./AMap.bundle/AMap3D.bundle/tnl_n.data ... 
2019-05-16 06:35:41 +0000  21896 bytes for ./AMap.bundle/AMap3D.bundle/tnl_n.data
copying file ./AMap.bundle/AMap3D.bundle/tbl.data ... 
21896 bytes for ./AMap.bundle/AMap3D.bundle/tbl.data
copying file ./AMap.bundle/AMap3D.bundle/dash_tq.data ... 
21896 bytes for ./AMap.bundle/AMap3D.bundle/dash_tq.data
copying file ./AMap.bundle/AMap3D.bundle/style_100_10_1497254453.data ... 
3039 bytes for ./AMap.bundle/AMap3D.bundle/style_100_10_1497254453.data
copying file ./AMap.bundle/AMap3D.bundle/trl_n.data ... 
21896 bytes for ./AMap.bundle/AMap3D.bundle/trl_n.data
copying file ./AMap.bundle/AMap3D.bundle/tgl_n.data ... 
21896 bytes for ./AMap.bundle/AMap3D.bundle/tgl_n.data
copying file ./AMap.bundle/AMap3D.bundle/icons_26_10_1476066932.data ... 
111275 bytes for ./AMap.bundle/AMap3D.bundle/icons_26_10_1476066932.data
copying file ./AMap.bundle/AMap3D.bundle/icons_8_12_1498048348.data ... 
132631 bytes for ./AMap.bundle/AMap3D.bundle/icons_8_12_1498048348.data
copying file ./AMap.bundle/AMap3D.bundle/tmc_blind_congestion.data ... 
2019-05-16 06:35:41 +0000  21896 bytes for ./AMap.bundle/AMap3D.bundle/tmc_blind_congestion.data
copying file ./AMap.bundle/AMap3D.bundle/icons_4_12_1488521409.data ... 
168738 bytes for ./AMap.bundle/AMap3D.bundle/icons_4_12_1488521409.data
copying file ./AMap.bundle/AMap3D.bundle/tbl_l.data ... 
21896 bytes for ./AMap.bundle/AMap3D.bundle/tbl_l.data
copying file ./AMap.bundle/AMap3D.bundle/style_12_10_1467006104.data ... 
13348 bytes for ./AMap.bundle/AMap3D.bundle/style_12_10_1467006104.data
copying file ./AMap.bundle/AMap3D.bundle/icons_1_12_1498048291.data ... 
132631 bytes for ./AMap.bundle/AMap3D.bundle/icons_1_12_1498048291.data
copying file ./AMap.bundle/AMap3D.bundle/style_6_10_1497252523.data ... 
13101 bytes for ./AMap.bundle/AMap3D.bundle/style_6_10_1497252523.data
copying file ./Assets.car ... 
2019-05-16 06:35:41 +0000  5631248 bytes for ./Assets.car
copying file ./LaunchImage-800-Portrait-736h@3x.png ... 
1023241 bytes for ./LaunchImage-800-Portrait-736h@3x.png
copying file ./QuantDoHaveFun ... 
2019-05-16 06:35:41 +0000  77257136 bytes for ./QuantDoHaveFun
copying file ./LaunchImage-700@2x.png ... 
2019-05-16 06:35:41 +0000  /usr/bin/ditto exited with 0
2019-05-16 06:35:41 +0000  256139 bytes for ./LaunchImage-700@2x.png
copying file ./LaunchImage-700-568h@2x.png ... 
305086 bytes for ./LaunchImage-700-568h@2x.png
copying file ./MBProgressHUD.bundle/info.png ... 
365 bytes for ./MBProgressHUD.bundle/info.png
copying file ./MBProgressHUD.bundle/MBHUD_Success@2x.png ... 
3655 bytes for ./MBProgressHUD.bundle/MBHUD_Success@2x.png
copying file ./MBProgressHUD.bundle/MBHUD_Info@3x.png ... 
4173 bytes for ./MBProgressHUD.bundle/MBHUD_Info@3x.png
copying file ./MBProgressHUD.bundle/error@3x.png ... 
398 bytes for ./MBProgressHUD.bundle/error@3x.png
copying file ./MBProgressHUD.bundle/en.lproj/Root.strings ... 
546 bytes for ./MBProgressHUD.bundle/en.lproj/Root.strings
copying file ./MBProgressHUD.bundle/error@2x.png ... 
306 bytes for ./MBProgressHUD.bundle/error@2x.png
copying file ./MBProgressHUD.bundle/MBHUD_Info@2x.png ... 
3808 bytes for ./MBProgressHUD.bundle/MBHUD_Info@2x.png
copying file ./MBProgressHUD.bundle/MBHUD_Success@3x.png ... 
4255 bytes for ./MBProgressHUD.bundle/MBHUD_Success@3x.png
copying file ./MBProgressHUD.bundle/info@3x.png ... 
1200 bytes for ./MBProgressHUD.bundle/info@3x.png
copying file ./MBProgressHUD.bundle/MBHUD_Error@2x.png ... 
3816 bytes for ./MBProgressHUD.bundle/MBHUD_Error@2x.png
copying file ./MBProgressHUD.bundle/success@2x.png ... 
462 bytes for ./MBProgressHUD.bundle/success@2x.png
copying file ./MBProgressHUD.bundle/MBHUD_Warn@3x.png ... 
2696 bytes for ./MBProgressHUD.bundle/MBHUD_Warn@3x.png
copying file ./MBProgressHUD.bundle/MBHUD_Warn@2x.png ... 
3342 bytes for ./MBProgressHUD.bundle/MBHUD_Warn@2x.png
copying file ./MBProgressHUD.bundle/success@3x.png ... 
714 bytes for ./MBProgressHUD.bundle/success@3x.png
copying file ./MBProgressHUD.bundle/MBHUD_Error@3x.png ... 
4232 bytes for ./MBProgressHUD.bundle/MBHUD_Error@3x.png
copying file ./MBProgressHUD.bundle/info@2x.png ... 
816 bytes for ./MBProgressHUD.bundle/info@2x.png
copying file ./MBProgressHUD.bundle/error.png ... 
184 bytes for ./MBProgressHUD.bundle/error.png
copying file ./MBProgressHUD.bundle/success.png ... 
262 bytes for ./MBProgressHUD.bundle/success.png
copying file ./MBProgressHUD.bundle/Root.plist ... 
1456 bytes for ./MBProgressHUD.bundle/Root.plist
copying file ./embedded.mobileprovision ... 
8346 bytes for ./embedded.mobileprovision
copying file ./Info.plist ... 
2439 bytes for ./Info.plist
copying file ./PkgInfo ... 
8 bytes for ./PkgInfo
2019-05-16 06:35:42 +0000  Processing step: IDEDistributionEmbedProfileStep
2019-05-16 06:35:42 +0000  Processing step: IDEDistributionAppThinningPlistStep
2019-05-16 06:35:42 +0000  Skipping step: IDEDistributionAppThinningPlistStep because it said so
2019-05-16 06:35:42 +0000  Processing step: IDEDistributionCompileBitcodeStep
2019-05-16 06:35:42 +0000  Skipping step: IDEDistributionCompileBitcodeStep because it said so
2019-05-16 06:35:42 +0000  Processing step: IDEDistributionCodeSlimmingStep
2019-05-16 06:35:42 +0000  Processing step: IDEDistributionCopyBCSymbolMapsStep
2019-05-16 06:35:42 +0000  Skipping step: IDEDistributionCopyBCSymbolMapsStep because it said so
2019-05-16 06:35:42 +0000  Processing step: IDEDistributionSymbolsStep
2019-05-16 06:35:42 +0000  Skipping step: IDEDistributionSymbolsStep because it said so
2019-05-16 06:35:42 +0000  Processing step: IDEDistributionAppThinningStep
2019-05-16 06:35:42 +0000  Skipping step: IDEDistributionAppThinningStep because it said so
2019-05-16 06:35:42 +0000  Processing step: IDEDistributionArchThinningStep
2019-05-16 06:35:42 +0000  Running /Applications/Xcode.app/Contents/Developer/Toolchains/XcodeDefault.xctoolchain/usr/bin/lipo '/var/folders/9y/tjpb3r897995zf2xqnfjhhc80000gn/T/XcodeDistPipeline.~~~13H6Hi/Root/Payload/QuantDoHaveFun.app/QuantDoHaveFun' '-verify_arch' 'arm64e'
2019-05-16 06:35:42 +0000  /Applications/Xcode.app/Contents/Developer/Toolchains/XcodeDefault.xctoolchain/usr/bin/lipo exited with 1
2019-05-16 06:35:42 +0000  Skipping architecture thinning for item "QuantDoHaveFun" because arch "arm64e" wasn't found
2019-05-16 06:35:42 +0000  Processing step: IDEDistributionODRStep
2019-05-16 06:35:42 +0000  Processing step: IDEDistributionStripXattrsStep
2019-05-16 06:35:42 +0000  Running /usr/bin/xattr '-crs' '/var/folders/9y/tjpb3r897995zf2xqnfjhhc80000gn/T/XcodeDistPipeline.~~~13H6Hi/Root/Payload/QuantDoHaveFun.app'
2019-05-16 06:35:42 +0000  /usr/bin/xattr exited with 0
2019-05-16 06:35:42 +0000  Processing step: IDEDistributionCodesignStep
2019-05-16 06:35:42 +0000  Entitlements for <IDEDistributionItem: 0x7fe6f1e739f0 'com.charles.appViderVersion' '<DVTFilePath:0x7fe6f4f32770:'/Users/yl-yin/Library/Developer/Xcode/Archives/2019-05-16/QuantDoHaveFun 2019-5-16, 2.33 PM.xcarchive/Products/Applications/QuantDoHaveFun.app'>'>: {
    "application-identifier" = "JNMW98VLVV.com.charles.appViderVersion";
    "com.apple.developer.team-identifier" = JNMW98VLVV;
    "get-task-allow" = 0;
    "keychain-access-groups" =     (
        "JNMW98VLVV.com.charles.appViderVersion"
    );
}
2019-05-16 06:35:42 +0000  Writing entitlements for <IDEDistributionItem: 0x7fe6f1e739f0 'com.charles.appViderVersion' '<DVTFilePath:0x7fe6f4f32770:'/Users/yl-yin/Library/Developer/Xcode/Archives/2019-05-16/QuantDoHaveFun 2019-5-16, 2.33 PM.xcarchive/Products/Applications/QuantDoHaveFun.app'>'> to: /var/folders/9y/tjpb3r897995zf2xqnfjhhc80000gn/T/XcodeDistPipeline.~~~13H6Hi/entitlements~~~4BRCpg
2019-05-16 06:35:42 +0000  Running /usr/bin/codesign '-vvv' '--force' '--sign' 'BF436ABA19F02462BFC91FB7E27FD0155F20DCC8' '--entitlements' '/var/folders/9y/tjpb3r897995zf2xqnfjhhc80000gn/T/XcodeDistPipeline.~~~13H6Hi/entitlements~~~4BRCpg' '--preserve-metadata=identifier,flags,runtime' '/var/folders/9y/tjpb3r897995zf2xqnfjhhc80000gn/T/XcodeDistPipeline.~~~13H6Hi/Root/Payload/QuantDoHaveFun.app'
2019-05-16 06:35:43 +0000  /var/folders/9y/tjpb3r897995zf2xqnfjhhc80000gn/T/XcodeDistPipeline.~~~13H6Hi/Root/Payload/QuantDoHaveFun.app: signed app bundle with Mach-O universal (armv7 arm64) [com.charles.appViderVersion]
2019-05-16 06:35:43 +0000  /usr/bin/codesign exited with 0
2019-05-16 06:35:43 +0000  Processing step: IDEDistributionZipODRItemStep
2019-05-16 06:35:43 +0000  Skipping step: IDEDistributionZipODRItemStep because it said so
2019-05-16 06:35:43 +0000  Processing step: IDEDistributionCreateIPAStep
2019-05-16 06:35:43 +0000  Running /usr/bin/ditto '-V' '-c' '-k' '--norsrc' '/var/folders/9y/tjpb3r897995zf2xqnfjhhc80000gn/T/XcodeDistPipeline.~~~13H6Hi/Root' '/var/folders/9y/tjpb3r897995zf2xqnfjhhc80000gn/T/XcodeDistPipeline.~~~13H6Hi/Packages/QuantDoHaveFun.ipa'
2019-05-16 06:35:43 +0000  >>> Copying /var/folders/9y/tjpb3r897995zf2xqnfjhhc80000gn/T/XcodeDistPipeline.~~~13H6Hi/Root 
2019-05-16 06:35:43 +0000  copying file ./Payload/QuantDoHaveFun.app/_CodeSignature/CodeResources ... 
2019-05-16 06:35:43 +0000  62239 bytes for ./Payload/QuantDoHaveFun.app/_CodeSignature/CodeResources
2019-05-16 06:35:43 +0000  copying file ./Payload/QuantDoHaveFun.app/LaunchImage-1100-Portrait-2436h@3x.png ... 
2019-05-16 06:35:43 +0000  889007 bytes for ./Payload/QuantDoHaveFun.app/LaunchImage-1100-Portrait-2436h@3x.png
copying file ./Payload/QuantDoHaveFun.app/version.json ... 
2019-05-16 06:35:43 +0000  317 bytes for ./Payload/QuantDoHaveFun.app/version.json
copying file ./Payload/QuantDoHaveFun.app/MJRefresh.bundle/zh-Hans.lproj/Localizable.strings ... 
1194 bytes for ./Payload/QuantDoHaveFun.app/MJRefresh.bundle/zh-Hans.lproj/Localizable.strings
copying file ./Payload/QuantDoHaveFun.app/MJRefresh.bundle/en.lproj/Localizable.strings ... 
691 bytes for ./Payload/QuantDoHaveFun.app/MJRefresh.bundle/en.lproj/Localizable.strings
copying file ./Payload/QuantDoHaveFun.app/MJRefresh.bundle/arrow@2x.png ... 
2019-05-16 06:35:43 +0000  1033 bytes for ./Payload/QuantDoHaveFun.app/MJRefresh.bundle/arrow@2x.png
copying file ./Payload/QuantDoHaveFun.app/MJRefresh.bundle/zh-Hant.lproj/Localizable.strings ... 
773 bytes for ./Payload/QuantDoHaveFun.app/MJRefresh.bundle/zh-Hant.lproj/Localizable.strings
copying file ./Payload/QuantDoHaveFun.app/AppIcon60x60@2x.png ... 
2019-05-16 06:35:43 +0000  6736 bytes for ./Payload/QuantDoHaveFun.app/AppIcon60x60@2x.png
copying file ./Payload/QuantDoHaveFun.app/IQKeyboardManager.bundle/IQButtonBarArrowRight@2x.png ... 
2019-05-16 06:35:43 +0000  1786 bytes for ./Payload/QuantDoHaveFun.app/IQKeyboardManager.bundle/IQButtonBarArrowRight@2x.png
copying file ./Payload/QuantDoHaveFun.app/IQKeyboardManager.bundle/IQButtonBarArrowUp@3x.png ... 
2164 bytes for ./Payload/QuantDoHaveFun.app/IQKeyboardManager.bundle/IQButtonBarArrowUp@3x.png
copying file ./Payload/QuantDoHaveFun.app/IQKeyboardManager.bundle/IQButtonBarArrowUp@2x.png ... 
2019-05-16 06:35:43 +0000  1769 bytes for ./Payload/QuantDoHaveFun.app/IQKeyboardManager.bundle/IQButtonBarArrowUp@2x.png
copying file ./Payload/QuantDoHaveFun.app/IQKeyboardManager.bundle/IQButtonBarArrowRight@3x.png ... 
1844 bytes for ./Payload/QuantDoHaveFun.app/IQKeyboardManager.bundle/IQButtonBarArrowRight@3x.png
copying file ./Payload/QuantDoHaveFun.app/IQKeyboardManager.bundle/IQButtonBarArrowLeft@3x.png ... 
2019-05-16 06:35:43 +0000  1815 bytes for ./Payload/QuantDoHaveFun.app/IQKeyboardManager.bundle/IQButtonBarArrowLeft@3x.png
copying file ./Payload/QuantDoHaveFun.app/IQKeyboardManager.bundle/IQButtonBarArrowDown@3x.png ... 
2177 bytes for ./Payload/QuantDoHaveFun.app/IQKeyboardManager.bundle/IQButtonBarArrowDown@3x.png
2019-05-16 06:35:43 +0000  copying file ./Payload/QuantDoHaveFun.app/IQKeyboardManager.bundle/IQButtonBarArrowDown@2x.png ... 
1764 bytes for ./Payload/QuantDoHaveFun.app/IQKeyboardManager.bundle/IQButtonBarArrowDown@2x.png
2019-05-16 06:35:43 +0000  copying file ./Payload/QuantDoHaveFun.app/IQKeyboardManager.bundle/IQButtonBarArrowLeft@2x.png ... 
1793 bytes for ./Payload/QuantDoHaveFun.app/IQKeyboardManager.bundle/IQButtonBarArrowLeft@2x.png
2019-05-16 06:35:43 +0000  copying file ./Payload/QuantDoHaveFun.app/SYCity.bundle/citydata.plist ... 
2019-05-16 06:35:43 +0000  124778 bytes for ./Payload/QuantDoHaveFun.app/SYCity.bundle/citydata.plist
copying file ./Payload/QuantDoHaveFun.app/SYCity.bundle/city.plist ... 
2019-05-16 06:35:43 +0000  25782 bytes for ./Payload/QuantDoHaveFun.app/SYCity.bundle/city.plist
copying file ./Payload/QuantDoHaveFun.app/AppIcon29x29@2x.png ... 
2019-05-16 06:35:43 +0000  2455 bytes for ./Payload/QuantDoHaveFun.app/AppIcon29x29@2x.png
copying file ./Payload/QuantDoHaveFun.app/LaunchImage-800-667h@2x.png ... 
2019-05-16 06:35:43 +0000  410023 bytes for ./Payload/QuantDoHaveFun.app/LaunchImage-800-667h@2x.png
copying file ./Payload/QuantDoHaveFun.app/AppIcon40x40@3x.png ... 
2019-05-16 06:35:43 +0000  6736 bytes for ./Payload/QuantDoHaveFun.app/AppIcon40x40@3x.png
copying file ./Payload/QuantDoHaveFun.app/AppIcon40x40@2x.png ... 
3940 bytes for ./Payload/QuantDoHaveFun.app/AppIcon40x40@2x.png
copying file ./Payload/QuantDoHaveFun.app/AppIcon29x29@3x.png ... 
4375 bytes for ./Payload/QuantDoHaveFun.app/AppIcon29x29@3x.png
copying file ./Payload/QuantDoHaveFun.app/AppIcon60x60@3x.png ... 
12249 bytes for ./Payload/QuantDoHaveFun.app/AppIcon60x60@3x.png
copying file ./Payload/QuantDoHaveFun.app/Base.lproj/Main.storyboardc/UIViewController-BYZ-38-t0r.nib ... 
916 bytes for ./Payload/QuantDoHaveFun.app/Base.lproj/Main.storyboardc/UIViewController-BYZ-38-t0r.nib
copying file ./Payload/QuantDoHaveFun.app/Base.lproj/Main.storyboardc/BYZ-38-t0r-view-8bC-Xf-vdC.nib ... 
1985 bytes for ./Payload/QuantDoHaveFun.app/Base.lproj/Main.storyboardc/BYZ-38-t0r-view-8bC-Xf-vdC.nib
copying file ./Payload/QuantDoHaveFun.app/Base.lproj/Main.storyboardc/Info.plist ... 
258 bytes for ./Payload/QuantDoHaveFun.app/Base.lproj/Main.storyboardc/Info.plist
copying file ./Payload/QuantDoHaveFun.app/Base.lproj/LaunchScreen.storyboardc/01J-lp-oVM-view-Ze5-6b-2t3.nib ... 
1987 bytes for ./Payload/QuantDoHaveFun.app/Base.lproj/LaunchScreen.storyboardc/01J-lp-oVM-view-Ze5-6b-2t3.nib
copying file ./Payload/QuantDoHaveFun.app/Base.lproj/LaunchScreen.storyboardc/UIViewController-01J-lp-oVM.nib ... 
832 bytes for ./Payload/QuantDoHaveFun.app/Base.lproj/LaunchScreen.storyboardc/UIViewController-01J-lp-oVM.nib
copying file ./Payload/QuantDoHaveFun.app/Base.lproj/LaunchScreen.storyboardc/Info.plist ... 
258 bytes for ./Payload/QuantDoHaveFun.app/Base.lproj/LaunchScreen.storyboardc/Info.plist
copying file ./Payload/QuantDoHaveFun.app/ExampleApp.html ... 
2359 bytes for ./Payload/QuantDoHaveFun.app/ExampleApp.html
copying file ./Payload/QuantDoHaveFun.app/AMap.bundle/images/purplePin@3x.png ... 
2844 bytes for ./Payload/QuantDoHaveFun.app/AMap.bundle/images/purplePin@3x.png
copying file ./Payload/QuantDoHaveFun.app/AMap.bundle/images/greenPin@3x.png ... 
2844 bytes for ./Payload/QuantDoHaveFun.app/AMap.bundle/images/greenPin@3x.png
copying file ./Payload/QuantDoHaveFun.app/AMap.bundle/images/lineTexture.png ... 
2830 bytes for ./Payload/QuantDoHaveFun.app/AMap.bundle/images/lineTexture.png
copying file ./Payload/QuantDoHaveFun.app/AMap.bundle/images/greenPin_lift@3x.png ... 
1401 bytes for ./Payload/QuantDoHaveFun.app/AMap.bundle/images/greenPin_lift@3x.png
copying file ./Payload/QuantDoHaveFun.app/AMap.bundle/images/greenPin_lift@2x.png ... 
960 bytes for ./Payload/QuantDoHaveFun.app/AMap.bundle/images/greenPin_lift@2x.png
copying file ./Payload/QuantDoHaveFun.app/AMap.bundle/images/calloutArrowMask.png ... 
323 bytes for ./Payload/QuantDoHaveFun.app/AMap.bundle/images/calloutArrowMask.png
copying file ./Payload/QuantDoHaveFun.app/AMap.bundle/images/traffic_texture_red.png ... 
1097 bytes for ./Payload/QuantDoHaveFun.app/AMap.bundle/images/traffic_texture_red.png
copying file ./Payload/QuantDoHaveFun.app/AMap.bundle/images/calloutArrowMask@2x.png ... 
572 bytes for ./Payload/QuantDoHaveFun.app/AMap.bundle/images/calloutArrowMask@2x.png
copying file ./Payload/QuantDoHaveFun.app/AMap.bundle/images/greenPin@2x.png ... 
1893 bytes for ./Payload/QuantDoHaveFun.app/AMap.bundle/images/greenPin@2x.png
copying file ./Payload/QuantDoHaveFun.app/AMap.bundle/images/purplePin@2x.png ... 
1873 bytes for ./Payload/QuantDoHaveFun.app/AMap.bundle/images/purplePin@2x.png
copying file ./Payload/QuantDoHaveFun.app/AMap.bundle/images/select_.png ... 
1082 bytes for ./Payload/QuantDoHaveFun.app/AMap.bundle/images/select_.png
copying file ./Payload/QuantDoHaveFun.app/AMap.bundle/images/pin_shadow.png ... 
609 bytes for ./Payload/QuantDoHaveFun.app/AMap.bundle/images/pin_shadow.png
copying file ./Payload/QuantDoHaveFun.app/AMap.bundle/images/arrow_line_inner.png ... 
316 bytes for ./Payload/QuantDoHaveFun.app/AMap.bundle/images/arrow_line_inner.png
copying file ./Payload/QuantDoHaveFun.app/AMap.bundle/images/greenPin.png ... 
988 bytes for ./Payload/QuantDoHaveFun.app/AMap.bundle/image
2019-05-16 06:35:43 +0000  s/greenPin.png
copying file ./Payload/QuantDoHaveFun.app/AMap.bundle/images/purplePin_lift.png ... 
418 bytes for ./Payload/QuantDoHaveFun.app/AMap.bundle/images/purplePin_lift.png
copying file ./Payload/QuantDoHaveFun.app/AMap.bundle/images/lineDashTextureThin.png ... 
224 bytes for ./Payload/QuantDoHaveFun.app/AMap.bundle/images/lineDashTextureThin.png
copying file ./Payload/QuantDoHaveFun.app/AMap.bundle/images/redPin_lift@3x.png ... 
1405 bytes for ./Payload/QuantDoHaveFun.app/AMap.bundle/images/redPin_lift@3x.png
copying file ./Payload/QuantDoHaveFun.app/AMap.bundle/images/redPin_lift.png ... 
418 bytes for ./Payload/QuantDoHaveFun.app/AMap.bundle/images/redPin_lift.png
copying file ./Payload/QuantDoHaveFun.app/AMap.bundle/images/lineDashTexture.png ... 
194 bytes for ./Payload/QuantDoHaveFun.app/AMap.bundle/images/lineDashTexture.png
copying file ./Payload/QuantDoHaveFun.app/AMap.bundle/images/traffic_texture_blue.png ... 
1121 bytes for ./Payload/QuantDoHaveFun.app/AMap.bundle/images/traffic_texture_blue.png
copying file ./Payload/QuantDoHaveFun.app/AMap.bundle/images/traffic_texture_green.png ... 
1065 bytes for ./Payload/QuantDoHaveFun.app/AMap.bundle/images/traffic_texture_green.png
copying file ./Payload/QuantDoHaveFun.app/AMap.bundle/images/traffic_texture_yellow.png ... 
1076 bytes for ./Payload/QuantDoHaveFun.app/AMap.bundle/images/traffic_texture_yellow.png
copying file ./Payload/QuantDoHaveFun.app/AMap.bundle/images/marker_blue@2x.png ... 
2547 bytes for ./Payload/QuantDoHaveFun.app/AMap.bundle/images/marker_blue@2x.png
copying file ./Payload/QuantDoHaveFun.app/AMap.bundle/images/purplePin.png ... 
988 bytes for ./Payload/QuantDoHaveFun.app/AMap.bundle/images/purplePin.png
copying file ./Payload/QuantDoHaveFun.app/AMap.bundle/images/redPin_lift@2x.png ... 
955 bytes for ./Payload/QuantDoHaveFun.app/AMap.bundle/images/redPin_lift@2x.png
copying file ./Payload/QuantDoHaveFun.app/AMap.bundle/images/traffic_texture_darkred.png ... 
947 bytes for ./Payload/QuantDoHaveFun.app/AMap.bundle/images/traffic_texture_darkred.png
copying file ./Payload/QuantDoHaveFun.app/AMap.bundle/images/select_@3x.png ... 
2162 bytes for ./Payload/QuantDoHaveFun.app/AMap.bundle/images/select_@3x.png
copying file ./Payload/QuantDoHaveFun.app/AMap.bundle/images/pin_shadow@2x.png ... 
1155 bytes for ./Payload/QuantDoHaveFun.app/AMap.bundle/images/pin_shadow@2x.png
copying file ./Payload/QuantDoHaveFun.app/AMap.bundle/images/redPin@3x.png ... 
2848 bytes for ./Payload/QuantDoHaveFun.app/AMap.bundle/images/redPin@3x.png
copying file ./Payload/QuantDoHaveFun.app/AMap.bundle/images/purplePin_lift@2x.png ... 
960 bytes for ./Payload/QuantDoHaveFun.app/AMap.bundle/images/purplePin_lift@2x.png
copying file ./Payload/QuantDoHaveFun.app/AMap.bundle/images/purplePin_lift@3x.png ... 
1406 bytes for ./Payload/QuantDoHaveFun.app/AMap.bundle/images/purplePin_lift@3x.png
copying file ./Payload/QuantDoHaveFun.app/AMap.bundle/images/lineTextureThin.png ... 
243 bytes for ./Payload/QuantDoHaveFun.app/AMap.bundle/images/lineTextureThin.png
copying file ./Payload/QuantDoHaveFun.app/AMap.bundle/images/redPin@2x.png ... 
1878 bytes for ./Payload/QuantDoHaveFun.app/AMap.bundle/images/redPin@2x.png
copying file ./Payload/QuantDoHaveFun.app/AMap.bundle/images/pin_shadow@3x.png ... 
1817 bytes for ./Payload/QuantDoHaveFun.app/AMap.bundle/images/pin_shadow@3x.png
copying file ./Payload/QuantDoHaveFun.app/AMap.bundle/images/traffic_texture_gray.png ... 
1049 bytes for ./Payload/QuantDoHaveFun.app/AMap.bundle/images/traffic_texture_gray.png
copying file ./Payload/QuantDoHaveFun.app/AMap.bundle/images/redPin.png ... 
986 bytes for ./Payload/QuantDoHaveFun.app/AMap.bundle/images/redPin.png
copying file ./Payload/QuantDoHaveFun.app/AMap.bundle/images/select_@2x.png ... 
1082 bytes for ./Payload/QuantDoHaveFun.app/AMap.bundle/images/select_@2x.png
copying file ./Payload/QuantDoHaveFun.app/AMap.bundle/images/marker_blue.png ... 
1972 bytes for ./Payload/QuantDoHaveFun.app/AMap.bundle/images/marker_blue.png
copying file ./Payload/QuantDoHaveFun.app/AMap.bundle/images/gr
2019-05-16 06:35:43 +0000  eenPin_lift.png ... 
425 bytes for ./Payload/QuantDoHaveFun.app/AMap.bundle/images/greenPin_lift.png
copying file ./Payload/QuantDoHaveFun.app/AMap.bundle/Bundle3D.plist ... 
2046 bytes for ./Payload/QuantDoHaveFun.app/AMap.bundle/Bundle3D.plist
copying file ./Payload/QuantDoHaveFun.app/AMap.bundle/offline/offlinePackage.plist ... 
102476 bytes for ./Payload/QuantDoHaveFun.app/AMap.bundle/offline/offlinePackage.plist
copying file ./Payload/QuantDoHaveFun.app/AMap.bundle/AMap3D.bundle/tmc_blind_smoothly.data ... 
21896 bytes for ./Payload/QuantDoHaveFun.app/AMap.bundle/AMap3D.bundle/tmc_blind_smoothly.data
copying file ./Payload/QuantDoHaveFun.app/AMap.bundle/AMap3D.bundle/style_15_10_1497583771.data ... 
16335 bytes for ./Payload/QuantDoHaveFun.app/AMap.bundle/AMap3D.bundle/style_15_10_1497583771.data
copying file ./Payload/QuantDoHaveFun.app/AMap.bundle/AMap3D.bundle/style_14_10_1497252572.data ... 
12646 bytes for ./Payload/QuantDoHaveFun.app/AMap.bundle/AMap3D.bundle/style_14_10_1497252572.data
copying file ./Payload/QuantDoHaveFun.app/AMap.bundle/AMap3D.bundle/icons_6_12_1497253591.data ... 
59442 bytes for ./Payload/QuantDoHaveFun.app/AMap.bundle/AMap3D.bundle/icons_6_12_1497253591.data
copying file ./Payload/QuantDoHaveFun.app/AMap.bundle/AMap3D.bundle/dash.data ... 
21896 bytes for ./Payload/QuantDoHaveFun.app/AMap.bundle/AMap3D.bundle/dash.data
copying file ./Payload/QuantDoHaveFun.app/AMap.bundle/AMap3D.bundle/icons_5_12_1488354051.data ... 
8863 bytes for ./Payload/QuantDoHaveFun.app/AMap.bundle/AMap3D.bundle/icons_5_12_1488354051.data
copying file ./Payload/QuantDoHaveFun.app/AMap.bundle/AMap3D.bundle/tmc_blind_severe_congestion.data ... 
21896 bytes for ./Payload/QuantDoHaveFun.app/AMap.bundle/AMap3D.bundle/tmc_blind_severe_congestion.data
copying file ./Payload/QuantDoHaveFun.app/AMap.bundle/AMap3D.bundle/tnl_l.data ... 
21896 bytes for ./Payload/QuantDoHaveFun.app/AMap.bundle/AMap3D.bundle/tnl_l.data
copying file ./Payload/QuantDoHaveFun.app/AMap.bundle/AMap3D.bundle/VM3DRes/roadbk_main.png ... 
86 bytes for ./Payload/QuantDoHaveFun.app/AMap.bundle/AMap3D.bundle/VM3DRes/roadbk_main.png
copying file ./Payload/QuantDoHaveFun.app/AMap.bundle/AMap3D.bundle/VM3DRes/d_yellow.png ... 
2901 bytes for ./Payload/QuantDoHaveFun.app/AMap.bundle/AMap3D.bundle/VM3DRes/d_yellow.png
copying file ./Payload/QuantDoHaveFun.app/AMap.bundle/AMap3D.bundle/VM3DRes/grass_night.png ... 
86 bytes for ./Payload/QuantDoHaveFun.app/AMap.bundle/AMap3D.bundle/VM3DRes/grass_night.png
copying file ./Payload/QuantDoHaveFun.app/AMap.bundle/AMap3D.bundle/VM3DRes/d_yellow_night.png ... 
2901 bytes for ./Payload/QuantDoHaveFun.app/AMap.bundle/AMap3D.bundle/VM3DRes/d_yellow_night.png
copying file ./Payload/QuantDoHaveFun.app/AMap.bundle/AMap3D.bundle/VM3DRes/cross_bg.png ... 
1101 bytes for ./Payload/QuantDoHaveFun.app/AMap.bundle/AMap3D.bundle/VM3DRes/cross_bg.png
copying file ./Payload/QuantDoHaveFun.app/AMap.bundle/AMap3D.bundle/VM3DRes/cross_bg_day.png ... 
86 bytes for ./Payload/QuantDoHaveFun.app/AMap.bundle/AMap3D.bundle/VM3DRes/cross_bg_day.png
copying file ./Payload/QuantDoHaveFun.app/AMap.bundle/AMap3D.bundle/VM3DRes/road_bottom_day.png ... 
86 bytes for ./Payload/QuantDoHaveFun.app/AMap.bundle/AMap3D.bundle/VM3DRes/road_bottom_day.png
copying file ./Payload/QuantDoHaveFun.app/AMap.bundle/AMap3D.bundle/VM3DRes/d_yellow_day.png ... 
2901 bytes for ./Payload/QuantDoHaveFun.app/AMap.bundle/AMap3D.bundle/VM3DRes/d_yellow_day.png
copying file ./Payload/QuantDoHaveFun.app/AMap.bundle/AMap3D.bundle/VM3DRes/road_bottom.png ... 
86 bytes for ./Payload/QuantDoHaveFun.app/AMap.bundle/AMap3D.bundle/VM3DRes/road_bottom.png
copying file ./Payload/QuantDoHaveFun.app/AMap.bundle/AMap3D.bundle/VM3DRes/grass_day.png ... 
86 bytes for ./Payload/QuantDoHaveFun.app/AMap.bundle/AMap3D.bundle/VM3DRes/grass_day.png
copying file ./Payload/QuantDoHaveFun.app/AMap.bundle/AMap3D.bundle/VM3DRes/roadbk_main_day.png ... 
86 bytes for ./Payload/QuantDoHaveFun.app/AMap.bundle/AMap3D.bundle/VM3DRes/roadbk_main_day.png
copying file ./Payload/QuantDoHaveFun.app/AMap.bund
2019-05-16 06:35:43 +0000  le/AMap3D.bundle/VM3DRes/cross_bg_night.png ... 
14612 bytes for ./Payload/QuantDoHaveFun.app/AMap.bundle/AMap3D.bundle/VM3DRes/cross_bg_night.png
copying file ./Payload/QuantDoHaveFun.app/AMap.bundle/AMap3D.bundle/VM3DRes/road_bottom_night.png ... 
86 bytes for ./Payload/QuantDoHaveFun.app/AMap.bundle/AMap3D.bundle/VM3DRes/road_bottom_night.png
copying file ./Payload/QuantDoHaveFun.app/AMap.bundle/AMap3D.bundle/VM3DRes/roadbk_main_night.png ... 
86 bytes for ./Payload/QuantDoHaveFun.app/AMap.bundle/AMap3D.bundle/VM3DRes/roadbk_main_night.png
copying file ./Payload/QuantDoHaveFun.app/AMap.bundle/AMap3D.bundle/icons_7_12_1497253551.data ... 
78867 bytes for ./Payload/QuantDoHaveFun.app/AMap.bundle/AMap3D.bundle/icons_7_12_1497253551.data
copying file ./Payload/QuantDoHaveFun.app/AMap.bundle/AMap3D.bundle/bktile_n.data ... 
145 bytes for ./Payload/QuantDoHaveFun.app/AMap.bundle/AMap3D.bundle/bktile_n.data
copying file ./Payload/QuantDoHaveFun.app/AMap.bundle/AMap3D.bundle/tgl_l.data ... 
21896 bytes for ./Payload/QuantDoHaveFun.app/AMap.bundle/AMap3D.bundle/tgl_l.data
copying file ./Payload/QuantDoHaveFun.app/AMap.bundle/AMap3D.bundle/style_3_10_1497252336.data ... 
13059 bytes for ./Payload/QuantDoHaveFun.app/AMap.bundle/AMap3D.bundle/style_3_10_1497252336.data
copying file ./Payload/QuantDoHaveFun.app/AMap.bundle/AMap3D.bundle/trl_l.data ... 
21896 bytes for ./Payload/QuantDoHaveFun.app/AMap.bundle/AMap3D.bundle/trl_l.data
copying file ./Payload/QuantDoHaveFun.app/AMap.bundle/AMap3D.bundle/bktile.data ... 
151 bytes for ./Payload/QuantDoHaveFun.app/AMap.bundle/AMap3D.bundle/bktile.data
copying file ./Payload/QuantDoHaveFun.app/AMap.bundle/AMap3D.bundle/icons_27_10_1475031813.data ... 
130110 bytes for ./Payload/QuantDoHaveFun.app/AMap.bundle/AMap3D.bundle/icons_27_10_1475031813.data
copying file ./Payload/QuantDoHaveFun.app/AMap.bundle/AMap3D.bundle/3dportrait.xml ... 
3890 bytes for ./Payload/QuantDoHaveFun.app/AMap.bundle/AMap3D.bundle/3dportrait.xml
copying file ./Payload/QuantDoHaveFun.app/AMap.bundle/AMap3D.bundle/tbl_n.data ... 
21896 bytes for ./Payload/QuantDoHaveFun.app/AMap.bundle/AMap3D.bundle/tbl_n.data
copying file ./Payload/QuantDoHaveFun.app/AMap.bundle/AMap3D.bundle/3dlandscape.xml ... 
3890 bytes for ./Payload/QuantDoHaveFun.app/AMap.bundle/AMap3D.bundle/3dlandscape.xml
copying file ./Payload/QuantDoHaveFun.app/AMap.bundle/AMap3D.bundle/style_5_10_1498463124.data ... 
7369 bytes for ./Payload/QuantDoHaveFun.app/AMap.bundle/AMap3D.bundle/style_5_10_1498463124.data
copying file ./Payload/QuantDoHaveFun.app/AMap.bundle/AMap3D.bundle/icons_50_10_1470645645.data ... 
84376 bytes for ./Payload/QuantDoHaveFun.app/AMap.bundle/AMap3D.bundle/icons_50_10_1470645645.data
copying file ./Payload/QuantDoHaveFun.app/AMap.bundle/AMap3D.bundle/dash_cd.data ... 
21896 bytes for ./Payload/QuantDoHaveFun.app/AMap.bundle/AMap3D.bundle/dash_cd.data
copying file ./Payload/QuantDoHaveFun.app/AMap.bundle/AMap3D.bundle/style_17_10_1488360312.data ... 
43 bytes for ./Payload/QuantDoHaveFun.app/AMap.bundle/AMap3D.bundle/style_17_10_1488360312.data
copying file ./Payload/QuantDoHaveFun.app/AMap.bundle/AMap3D.bundle/style_32_10_1498047781.data ... 
17198 bytes for ./Payload/QuantDoHaveFun.app/AMap.bundle/AMap3D.bundle/style_32_10_1498047781.data
copying file ./Payload/QuantDoHaveFun.app/AMap.bundle/AMap3D.bundle/tnl.data ... 
21896 bytes for ./Payload/QuantDoHaveFun.app/AMap.bundle/AMap3D.bundle/tnl.data
copying file ./Payload/QuantDoHaveFun.app/AMap.bundle/AMap3D.bundle/search_scenic_icon.data ... 
42623 bytes for ./Payload/QuantDoHaveFun.app/AMap.bundle/AMap3D.bundle/search_scenic_icon.data
copying file ./Payload/QuantDoHaveFun.app/AMap.bundle/AMap3D.bundle/3d_sky_day.data ... 
44612 bytes for ./Payload/QuantDoHaveFun.app/AMap.bundle/AMap3D.bundle/3d_sky_day.data
copying file ./Payload/QuantDoHaveFun.app/AMap.bundle/AMap3D.bundle/trl.data ... 
21896 bytes for ./Payload/QuantDoHaveFun.app/AMap.bundle/AMap3D.bundle/trl.data
copying file ./Payload/QuantDoHaveFun.app/AMap.bundle/AMap3D.bundle/style_13_10_1497252546.data ... 
9614 bytes 
2019-05-16 06:35:43 +0000  for ./Payload/QuantDoHaveFun.app/AMap.bundle/AMap3D.bundle/style_13_10_1497252546.data
copying file ./Payload/QuantDoHaveFun.app/AMap.bundle/AMap3D.bundle/config_2_1_1470363686.data ... 
640 bytes for ./Payload/QuantDoHaveFun.app/AMap.bundle/AMap3D.bundle/config_2_1_1470363686.data
copying file ./Payload/QuantDoHaveFun.app/AMap.bundle/AMap3D.bundle/roadarrow.data ... 
43824 bytes for ./Payload/QuantDoHaveFun.app/AMap.bundle/AMap3D.bundle/roadarrow.data
copying file ./Payload/QuantDoHaveFun.app/AMap.bundle/AMap3D.bundle/icons_3_12_1498048330.data ... 
132653 bytes for ./Payload/QuantDoHaveFun.app/AMap.bundle/AMap3D.bundle/icons_3_12_1498048330.data
copying file ./Payload/QuantDoHaveFun.app/AMap.bundle/AMap3D.bundle/style_8_10_1497252659.data ... 
9424 bytes for ./Payload/QuantDoHaveFun.app/AMap.bundle/AMap3D.bundle/style_8_10_1497252659.data
copying file ./Payload/QuantDoHaveFun.app/AMap.bundle/AMap3D.bundle/tmc_blind_amble.data ... 
21896 bytes for ./Payload/QuantDoHaveFun.app/AMap.bundle/AMap3D.bundle/tmc_blind_amble.data
copying file ./Payload/QuantDoHaveFun.app/AMap.bundle/AMap3D.bundle/waterline.data ... 
2849 bytes for ./Payload/QuantDoHaveFun.app/AMap.bundle/AMap3D.bundle/waterline.data
copying file ./Payload/QuantDoHaveFun.app/AMap.bundle/AMap3D.bundle/building.data ... 
996 bytes for ./Payload/QuantDoHaveFun.app/AMap.bundle/AMap3D.bundle/building.data
copying file ./Payload/QuantDoHaveFun.app/AMap.bundle/AMap3D.bundle/style_1_10_1498047646.data ... 
16763 bytes for ./Payload/QuantDoHaveFun.app/AMap.bundle/AMap3D.bundle/style_1_10_1498047646.data
copying file ./Payload/QuantDoHaveFun.app/AMap.bundle/AMap3D.bundle/icons_2_12_1498048312.data ... 
134076 bytes for ./Payload/QuantDoHaveFun.app/AMap.bundle/AMap3D.bundle/icons_2_12_1498048312.data
copying file ./Payload/QuantDoHaveFun.app/AMap.bundle/AMap3D.bundle/tyl_l.data ... 
21896 bytes for ./Payload/QuantDoHaveFun.app/AMap.bundle/AMap3D.bundle/tyl_l.data
copying file ./Payload/QuantDoHaveFun.app/AMap.bundle/AMap3D.bundle/style_31_10_1498047749.data ... 
17251 bytes for ./Payload/QuantDoHaveFun.app/AMap.bundle/AMap3D.bundle/style_31_10_1498047749.data
copying file ./Payload/QuantDoHaveFun.app/AMap.bundle/AMap3D.bundle/style_33_10_1498047815.data ... 
17395 bytes for ./Payload/QuantDoHaveFun.app/AMap.bundle/AMap3D.bundle/style_33_10_1498047815.data
copying file ./Payload/QuantDoHaveFun.app/AMap.bundle/AMap3D.bundle/3d_sky_night.data ... 
51008 bytes for ./Payload/QuantDoHaveFun.app/AMap.bundle/AMap3D.bundle/3d_sky_night.data
copying file ./Payload/QuantDoHaveFun.app/AMap.bundle/AMap3D.bundle/tmc_blind_null.data ... 
21896 bytes for ./Payload/QuantDoHaveFun.app/AMap.bundle/AMap3D.bundle/tmc_blind_null.data
copying file ./Payload/QuantDoHaveFun.app/AMap.bundle/AMap3D.bundle/config_1_1_1470722888.data ... 
10442 bytes for ./Payload/QuantDoHaveFun.app/AMap.bundle/AMap3D.bundle/config_1_1_1470722888.data
copying file ./Payload/QuantDoHaveFun.app/AMap.bundle/AMap3D.bundle/style_10_10_1472718686.data ... 
6717 bytes for ./Payload/QuantDoHaveFun.app/AMap.bundle/AMap3D.bundle/style_10_10_1472718686.data
copying file ./Payload/QuantDoHaveFun.app/AMap.bundle/AMap3D.bundle/lineround.data ... 
10974 bytes for ./Payload/QuantDoHaveFun.app/AMap.bundle/AMap3D.bundle/lineround.data
copying file ./Payload/QuantDoHaveFun.app/AMap.bundle/AMap3D.bundle/style_30_10_1498047712.data ... 
17299 bytes for ./Payload/QuantDoHaveFun.app/AMap.bundle/AMap3D.bundle/style_30_10_1498047712.data
copying file ./Payload/QuantDoHaveFun.app/AMap.bundle/AMap3D.bundle/tyl_n.data ... 
21896 bytes for ./Payload/QuantDoHaveFun.app/AMap.bundle/AMap3D.bundle/tyl_n.data
copying file ./Payload/QuantDoHaveFun.app/AMap.bundle/AMap3D.bundle/style_4_10_1498463093.data ... 
7504 bytes for ./Payload/QuantDoHaveFun.app/AMap.bundle/AMap3D.bundle/style_4_10_1498463093.data
copying file ./Payload/QuantDoHaveFun.app/AMap.bundle/AMap3D.bundle/style_50_10_1470645645.data ... 
1347 bytes for ./Payload/QuantDoHaveFun.app/AMap.bundle/AMap3D.bundle/style_50_10_1470645645.data
copying file ./Payload/QuantDoHaveFun.app/AMap.bundle/
2019-05-16 06:35:43 +0000  AMap3D.bundle/tgl.data ... 
21896 bytes for ./Payload/QuantDoHaveFun.app/AMap.bundle/AMap3D.bundle/tgl.data
copying file ./Payload/QuantDoHaveFun.app/AMap.bundle/AMap3D.bundle/icons_9_10_1476066932.data ... 
2019-05-16 06:35:43 +0000  129883 bytes for ./Payload/QuantDoHaveFun.app/AMap.bundle/AMap3D.bundle/icons_9_10_1476066932.data
copying file ./Payload/QuantDoHaveFun.app/AMap.bundle/AMap3D.bundle/icons_11_12_1488521704.data ... 
2019-05-16 06:35:43 +0000  7611 bytes for ./Payload/QuantDoHaveFun.app/AMap.bundle/AMap3D.bundle/icons_11_12_1488521704.data
copying file ./Payload/QuantDoHaveFun.app/AMap.bundle/AMap3D.bundle/tyl.data ... 
2019-05-16 06:35:43 +0000  21896 bytes for ./Payload/QuantDoHaveFun.app/AMap.bundle/AMap3D.bundle/tyl.data
copying file ./Payload/QuantDoHaveFun.app/AMap.bundle/AMap3D.bundle/tnl_n.data ... 
21896 bytes for ./Payload/QuantDoHaveFun.app/AMap.bundle/AMap3D.bundle/tnl_n.data
copying file ./Payload/QuantDoHaveFun.app/AMap.bundle/AMap3D.bundle/tbl.data ... 
2019-05-16 06:35:43 +0000  21896 bytes for ./Payload/QuantDoHaveFun.app/AMap.bundle/AMap3D.bundle/tbl.data
copying file ./Payload/QuantDoHaveFun.app/AMap.bundle/AMap3D.bundle/dash_tq.data ... 
2019-05-16 06:35:43 +0000  21896 bytes for ./Payload/QuantDoHaveFun.app/AMap.bundle/AMap3D.bundle/dash_tq.data
copying file ./Payload/QuantDoHaveFun.app/AMap.bundle/AMap3D.bundle/style_100_10_1497254453.data ... 
2019-05-16 06:35:43 +0000  3039 bytes for ./Payload/QuantDoHaveFun.app/AMap.bundle/AMap3D.bundle/style_100_10_1497254453.data
copying file ./Payload/QuantDoHaveFun.app/AMap.bundle/AMap3D.bundle/trl_n.data ... 
2019-05-16 06:35:43 +0000  21896 bytes for ./Payload/QuantDoHaveFun.app/AMap.bundle/AMap3D.bundle/trl_n.data
copying file ./Payload/QuantDoHaveFun.app/AMap.bundle/AMap3D.bundle/tgl_n.data ... 
2019-05-16 06:35:43 +0000  21896 bytes for ./Payload/QuantDoHaveFun.app/AMap.bundle/AMap3D.bundle/tgl_n.data
copying file ./Payload/QuantDoHaveFun.app/AMap.bundle/AMap3D.bundle/icons_26_10_1476066932.data ... 
2019-05-16 06:35:43 +0000  111275 bytes for ./Payload/QuantDoHaveFun.app/AMap.bundle/AMap3D.bundle/icons_26_10_1476066932.data
copying file ./Payload/QuantDoHaveFun.app/AMap.bundle/AMap3D.bundle/icons_8_12_1498048348.data ... 
2019-05-16 06:35:43 +0000  132631 bytes for ./Payload/QuantDoHaveFun.app/AMap.bundle/AMap3D.bundle/icons_8_12_1498048348.data
copying file ./Payload/QuantDoHaveFun.app/AMap.bundle/AMap3D.bundle/tmc_blind_congestion.data ... 
2019-05-16 06:35:43 +0000  21896 bytes for ./Payload/QuantDoHaveFun.app/AMap.bundle/AMap3D.bundle/tmc_blind_congestion.data
copying file ./Payload/QuantDoHaveFun.app/AMap.bundle/AMap3D.bundle/icons_4_12_1488521409.data ... 
2019-05-16 06:35:43 +0000  168738 bytes for ./Payload/QuantDoHaveFun.app/AMap.bundle/AMap3D.bundle/icons_4_12_1488521409.data
copying file ./Payload/QuantDoHaveFun.app/AMap.bundle/AMap3D.bundle/tbl_l.data ... 
2019-05-16 06:35:43 +0000  21896 bytes for ./Payload/QuantDoHaveFun.app/AMap.bundle/AMap3D.bundle/tbl_l.data
copying file ./Payload/QuantDoHaveFun.app/AMap.bundle/AMap3D.bundle/style_12_10_1467006104.data ... 
2019-05-16 06:35:43 +0000  13348 bytes for ./Payload/QuantDoHaveFun.app/AMap.bundle/AMap3D.bundle/style_12_10_1467006104.data
copying file ./Payload/QuantDoHaveFun.app/AMap.bundle/AMap3D.bundle/icons_1_12_1498048291.data ... 
2019-05-16 06:35:43 +0000  132631 bytes for ./Payload/QuantDoHaveFun.app/AMap.bundle/AMap3D.bundle/icons_1_12_1498048291.data
copying file ./Payload/QuantDoHaveFun.app/AMap.bundle/AMap3D.bundle/style_6_10_1497252523.data ... 
2019-05-16 06:35:43 +0000  13101 bytes for ./Payload/QuantDoHaveFun.app/AMap.bundle/AMap3D.bundle/style_6_10_1497252523.data
copying file ./Payload/QuantDoHaveFun.app/Assets.car ... 
2019-05-16 06:35:43 +0000  5631248 bytes for ./Payload/QuantDoHaveFun.app/Assets.car
2019-05-16 06:35:43 +0000  copying file ./Payload/QuantDoHaveFun.app/LaunchImage-800-Portrait-736h@3x.png ... 
2019-05-16 06:35:43 +0000  1023241 bytes for ./Payload/QuantDoHaveFun.app/LaunchImage-800-Portrait-736h@3x.png
copying file ./Payload/QuantDoHaveFun.app/QuantDoHaveFun ... 
2019-05-16 06:35:44 +0000  10649360 bytes for ./Payload/QuantDoHaveFun.app/QuantDoHaveFun
copying file ./Payload/QuantDoHaveFun.app/LaunchImage-700@2x.png ... 
2019-05-16 06:35:44 +0000  256139 bytes for ./Payload/QuantDoHaveFun.app/LaunchImage-700@2x.png
copying file ./Payload/QuantDoHaveFun.app/LaunchImage-700-568h@2x.png ... 
2019-05-16 06:35:44 +0000  305086 bytes for ./Payload/QuantDoHaveFun.app/LaunchImage-700-568h@2x.png
2019-05-16 06:35:44 +0000  copying file ./Payload/QuantDoHaveFun.app/MBProgressHUD.bundle/info.png ... 
365 bytes for ./Payload/QuantDoHaveFun.app/MBProgressHUD.bundle/info.png
copying file ./Payload/QuantDoHaveFun.app/MBProgressHUD.bundle/MBHUD_Success@2x.png ... 
3655 bytes for ./Payload/QuantDoHaveFun.app/MBProgressHUD.bundle/MBHUD_Success@2x.png
copying file ./Payload/QuantDoHaveFun.app/MBProgressHUD.bundle/MBHUD_Info@3x.png ... 
4173 bytes for ./Payload/QuantDoHaveFun.app/MBProgressHUD.bundle/MBHUD_Info@3x.png
copying file ./Payload/QuantDoHaveFun.app/MBProgressHUD.bundle/error@3x.png ... 
398 bytes for ./Payload/QuantDoHaveFun.app/MBProgressHUD.bundle/error@3x.png
2019-05-16 06:35:44 +0000  copying file ./Payload/QuantDoHaveFun.app/MBProgressHUD.bundle/en.lproj/Root.strings ... 
546 bytes for ./Payload/QuantDoHaveFun.app/MBProgressHUD.bundle/en.lproj/Root.strings
copying file ./Payload/QuantDoHaveFun.app/MBProgressHUD.bundle/error@2x.png ... 
306 bytes for ./Payload/QuantDoHaveFun.app/MBProgressHUD.bundle/error@2x.png
copying file ./Payload/QuantDoHaveFun.app/MBProgressHUD.bundle/MBHUD_Info@2x.png ... 
2019-05-16 06:35:44 +0000  3808 bytes for ./Payload/QuantDoHaveFun.app/MBProgressHUD.bundle/MBHUD_Info@2x.png
copying file ./Payload/QuantDoHaveFun.app/MBProgressHUD.bundle/MBHUD_Success@3x.png ... 
2019-05-16 06:35:44 +0000  4255 bytes for ./Payload/QuantDoHaveFun.app/MBProgressHUD.bundle/MBHUD_Success@3x.png
copying file ./Payload/QuantDoHaveFun.app/MBProgressHUD.bundle/info@3x.png ... 
1200 bytes for ./Payload/QuantDoHaveFun.app/MBProgressHUD.bundle/info@3x.png
copying file ./Payload/QuantDoHaveFun.app/MBProgressHUD.bundle/MBHUD_Error@2x.png ... 
2019-05-16 06:35:44 +0000  3816 bytes for ./Payload/QuantDoHaveFun.app/MBProgressHUD.bundle/MBHUD_Error@2x.png
copying file ./Payload/QuantDoHaveFun.app/MBProgressHUD.bundle/success@2x.png ... 
462 bytes for ./Payload/QuantDoHaveFun.app/MBProgressHUD.bundle/success@2x.png
copying file ./Payload/QuantDoHaveFun.app/MBProgressHUD.bundle/MBHUD_Warn@3x.png ... 
2019-05-16 06:35:44 +0000  2696 bytes for ./Payload/QuantDoHaveFun.app/MBProgressHUD.bundle/MBHUD_Warn@3x.png
copying file ./Payload/QuantDoHaveFun.app/MBProgressHUD.bundle/MBHUD_Warn@2x.png ... 
3342 bytes for ./Payload/QuantDoHaveFun.app/MBProgressHUD.bundle/MBHUD_Warn@2x.png
copying file ./Payload/QuantDoHaveFun.app/MBProgressHUD.bundle/success@3x.png ... 
2019-05-16 06:35:44 +0000  714 bytes for ./Payload/QuantDoHaveFun.app/MBProgressHUD.bundle/success@3x.png
copying file ./Payload/QuantDoHaveFun.app/MBProgressHUD.bundle/MBHUD_Error@3x.png ... 
2019-05-16 06:35:44 +0000  4232 bytes for ./Payload/QuantDoHaveFun.app/MBProgressHUD.bundle/MBHUD_Error@3x.png
copying file ./Payload/QuantDoHaveFun.app/MBProgressHUD.bundle/info@2x.png ... 
816 bytes for ./Payload/QuantDoHaveFun.app/MBProgressHUD.bundle/info@2x.png
copying file ./Payload/QuantDoHaveFun.app/MBProgressHUD.bundle/error.png ... 
184 bytes for ./Payload/QuantDoHaveFun.app/MBProgressHUD.bundle/error.png
copying file ./Payload/QuantDoHaveFun.app/MBProgressHUD.bundle/success.png ... 
2019-05-16 06:35:44 +0000  262 bytes for ./Payload/QuantDoHaveFun.app/MBProgressHUD.bundle/success.png
copying file ./Payload/QuantDoHaveFun.app/MBProgressHUD.bundle/Root.plist ... 
1456 bytes for ./Payload/QuantDoHaveFun.app/MBProgressHUD.bundle/Root.plist
copying file ./Payload/QuantDoHaveFun.app/embedded.mobileprovision ... 
2019-05-16 06:35:44 +0000  8346 bytes for ./Payload/QuantDoHaveFun.app/embedded.mobileprovision
copying file ./Payload/QuantDoHaveFun.app/Info.plist ... 
2439 bytes for ./Payload/QuantDoHaveFun.app/Info.plist
copying file ./Payload/QuantDoHaveFun.app/PkgInfo ... 
2019-05-16 06:35:44 +0000  8 bytes for ./Payload/QuantDoHaveFun.app/PkgInfo
2019-05-16 06:35:44 +0000  /usr/bin/ditto exited with 0
2019-05-16 06:35:44 +0000  Processing step: IDEDistributionAppStoreInformationStep
2019-05-16 06:35:44 +0000  Skipping step: IDEDistributionAppStoreInformationStep because it said so
2019-05-16 06:35:44 +0000  Processing step: IDEDistributionCreateManifestStep
